生成启动时间为 9/21/2013 8:18:34 PM。
     1>项目“D:\Documents\GitHub\Cpphomework\Temperature Converter\Temperature Converter\Temperature Converter.vcxproj”在节点 2 上(build 个目标)。
     1>PrepareForBuild:
         正在创建目录“D:\Documents\GitHub\Cpphomework\Temperature Converter\Debug\”。
       InitializeBuildStatus:
         正在创建“Debug\Temperature Converter.unsuccessfulbuild”，因为已指定“AlwaysCreate”。
       ClCompile:
         d:\Microsoft Visual Studio 10.0\VC\bin\CL.exe /c /ZI /nologo /W3 /WX- /Od /Oy- /D _MBCS /Gm /EHsc /RTC1 /MDd /GS /fp:precise /Zc:wchar_t /Zc:forScope /Fo"Debug\\" /Fd"Debug\vc100.pdb" /Gd /TP /analyze- /errorReport:prompt TC.cpp
         TC.cpp
     1>d:\documents\github\cpphomework\temperature converter\temperature converter\tc.cpp(4): warning C4101: “C”: 未引用的局部变量
       Link:
         d:\Microsoft Visual Studio 10.0\VC\bin\link.exe /ERRORREPORT:PROMPT /OUT:"D:\Documents\GitHub\Cpphomework\Temperature Converter\Debug\Temperature Converter.exe" /NOLOGO kernel32.lib user32.lib gdi32.lib winspool.lib comdlg32.lib advapi32.lib shell32.lib ole32.lib oleaut32.lib uuid.lib odbc32.lib odbccp32.lib /MANIFEST /ManifestFile:"Debug\Temperature Converter.exe.intermediate.manifest" /MANIFESTUAC:"level='asInvoker' uiAccess='false'" /DEBUG /PDB:"D:\Documents\GitHub\Cpphomework\Temperature Converter\Debug\Temperature Converter.pdb" /TLBID:1 /DYNAMICBASE /NXCOMPAT /IMPLIB:"D:\Documents\GitHub\Cpphomework\Temperature Converter\Debug\Temperature Converter.lib" /MACHINE:X86 Debug\TC.obj
         Temperature Converter.vcxproj -> D:\Documents\GitHub\Cpphomework\Temperature Converter\Debug\Temperature Converter.exe
       Manifest:
         C:\Program Files (x86)\Microsoft SDKs\Windows\v7.0A\bin\mt.exe /nologo /verbose /outputresource:"D:\Documents\GitHub\Cpphomework\Temperature Converter\Debug\Temperature Converter.exe;#1" /manifest "Debug\Temperature Converter.exe.intermediate.manifest"
       FinalizeBuildStatus:
         正在删除文件“Debug\Temperature Converter.unsuccessfulbuild”。
         正在对“Debug\Temperature Converter.lastbuildstate”执行 Touch 任务。
     1>已完成生成项目“D:\Documents\GitHub\Cpphomework\Temperature Converter\Temperature Converter\Temperature Converter.vcxproj”(build 个目标)的操作。

生成成功。

已用时间 00:00:04.12
