生成启动时间为 9/21/2013 8:55:17 PM。
     1>项目“D:\Documents\GitHub\Cpphomework\5（5）\5（5）\5（5）.vcxproj”在节点 2 上(build 个目标)。
     1>InitializeBuildStatus:
         正在创建“Debug\5（5）.unsuccessfulbuild”，因为已指定“AlwaysCreate”。
       ClCompile:
         d:\Microsoft Visual Studio 10.0\VC\bin\CL.exe /c /ZI /nologo /W3 /WX- /Od /Oy- /D _UNICODE /D UNICODE /Gm /EHsc /RTC1 /MDd /GS /fp:precise /Zc:wchar_t /Zc:forScope /Fo"Debug\\" /Fd"Debug\vc100.pdb" /Gd /TP /analyze- /errorReport:prompt "5（5）.cpp"
         5（5）.cpp
     1>d:\documents\github\cpphomework\5（5）\5（5）\5（5）.cpp(17): warning C4244: “=”: 从“int”转换到“float”，可能丢失数据
       Link:
         d:\Microsoft Visual Studio 10.0\VC\bin\link.exe /ERRORREPORT:PROMPT /OUT:"D:\Documents\GitHub\Cpphomework\5（5）\Debug\5（5）.exe" /NOLOGO kernel32.lib user32.lib gdi32.lib winspool.lib comdlg32.lib advapi32.lib shell32.lib ole32.lib oleaut32.lib uuid.lib odbc32.lib odbccp32.lib /MANIFEST /ManifestFile:"Debug\5（5）.exe.intermediate.manifest" /MANIFESTUAC:"level='asInvoker' uiAccess='false'" /DEBUG /PDB:"D:\Documents\GitHub\Cpphomework\5（5）\Debug\5（5）.pdb" /TLBID:1 /DYNAMICBASE /NXCOMPAT /IMPLIB:"D:\Documents\GitHub\Cpphomework\5（5）\Debug\5（5）.lib" /MACHINE:X86 "Debug\5（5）.obj"
         LINK : 没有找到 D:\Documents\GitHub\Cpphomework\5（5）\Debug\5（5）.exe 或上一个增量链接没有生成它；正在执行完全链接
         5（5）.vcxproj -> D:\Documents\GitHub\Cpphomework\5（5）\Debug\5（5）.exe
       Manifest:
         C:\Program Files (x86)\Microsoft SDKs\Windows\v7.0A\bin\mt.exe /nologo /verbose /outputresource:"D:\Documents\GitHub\Cpphomework\5（5）\Debug\5（5）.exe;#1" /manifest "Debug\5（5）.exe.intermediate.manifest"
       FinalizeBuildStatus:
         正在删除文件“Debug\5（5）.unsuccessfulbuild”。
         正在对“Debug\5（5）.lastbuildstate”执行 Touch 任务。
     1>已完成生成项目“D:\Documents\GitHub\Cpphomework\5（5）\5（5）\5（5）.vcxproj”(build 个目标)的操作。

生成成功。

已用时间 00:00:00.98
